0 info it worked if it ends with ok
1 verbose cli [ 'C:\\Program Files\\nodejs\\\\node.exe',
1 verbose cli   'C:\\Program Files\\nodejs\\node_modules\\npm\\bin\\npm-cli.js',
1 verbose cli   'install',
1 verbose cli   'grunt-contrib-sass',
1 verbose cli   '--save-dev' ]
2 info using npm@1.4.28
3 info using node@v0.10.35
4 verbose node symlink C:\Program Files\nodejs\\node.exe
5 warn package.json booksfamily@0.0.0 No description
6 warn package.json booksfamily@0.0.0 No repository field.
7 warn package.json booksfamily@0.0.0 No README data
8 verbose readDependencies using package.json deps
9 verbose cache add [ 'grunt-contrib-sass', null ]
10 verbose cache add name=undefined spec="grunt-contrib-sass" args=["grunt-contrib-sass",null]
11 verbose parsed url { protocol: null,
11 verbose parsed url   slashes: null,
11 verbose parsed url   auth: null,
11 verbose parsed url   host: null,
11 verbose parsed url   port: null,
11 verbose parsed url   hostname: null,
11 verbose parsed url   hash: null,
11 verbose parsed url   search: null,
11 verbose parsed url   query: null,
11 verbose parsed url   pathname: 'grunt-contrib-sass',
11 verbose parsed url   path: 'grunt-contrib-sass',
11 verbose parsed url   href: 'grunt-contrib-sass' }
12 silly lockFile d7fc68e3-grunt-contrib-sass grunt-contrib-sass
13 verbose lock grunt-contrib-sass C:\Users\Vira\AppData\Roaming\npm-cache\d7fc68e3-grunt-contrib-sass.lock
14 silly lockFile d7fc68e3-grunt-contrib-sass grunt-contrib-sass
15 silly lockFile d7fc68e3-grunt-contrib-sass grunt-contrib-sass
16 verbose addNamed [ 'grunt-contrib-sass', '' ]
17 verbose addNamed [ null, '*' ]
18 silly lockFile 5a9e20b6-grunt-contrib-sass grunt-contrib-sass@
19 verbose lock grunt-contrib-sass@ C:\Users\Vira\AppData\Roaming\npm-cache\5a9e20b6-grunt-contrib-sass.lock
20 silly addNameRange { name: 'grunt-contrib-sass', range: '*', hasData: false }
21 verbose request where is /grunt-contrib-sass
22 verbose request registry https://registry.npmjs.org/
23 verbose request id 4ca0a2218297025d
24 verbose url raw /grunt-contrib-sass
25 verbose url resolving [ 'https://registry.npmjs.org/', './grunt-contrib-sass' ]
26 verbose url resolved https://registry.npmjs.org/grunt-contrib-sass
27 verbose request where is https://registry.npmjs.org/grunt-contrib-sass
28 info trying registry request attempt 1 at 16:43:59
29 http GET https://registry.npmjs.org/grunt-contrib-sass
30 http 200 https://registry.npmjs.org/grunt-contrib-sass
31 silly registry.get cb [ 200,
31 silly registry.get   { date: 'Sat, 17 Jan 2015 14:44:02 GMT',
31 silly registry.get     server: 'CouchDB/1.5.0 (Erlang OTP/R16B03)',
31 silly registry.get     etag: '"6PXE5EVP8TEPMNBDZ35PEMQKJ"',
31 silly registry.get     'content-type': 'application/json',
31 silly registry.get     'cache-control': 'max-age=60',
31 silly registry.get     'content-length': '41170',
31 silly registry.get     'accept-ranges': 'bytes',
31 silly registry.get     via: '1.1 varnish',
31 silly registry.get     age: '0',
31 silly registry.get     'x-served-by': 'cache-fra1246-FRA',
31 silly registry.get     'x-cache': 'HIT',
31 silly registry.get     'x-cache-hits': '1',
31 silly registry.get     'x-timer': 'S1421505842.433947,VS0,VE99',
31 silly registry.get     vary: 'Accept',
31 silly registry.get     'keep-alive': 'timeout=10, max=50',
31 silly registry.get     connection: 'Keep-Alive' } ]
32 silly addNameRange number 2 { name: 'grunt-contrib-sass', range: '*', hasData: true }
33 silly addNameRange versions [ 'grunt-contrib-sass',
33 silly addNameRange   [ '0.1.0',
33 silly addNameRange     '0.1.1',
33 silly addNameRange     '0.1.2',
33 silly addNameRange     '0.1.3',
33 silly addNameRange     '0.2.0',
33 silly addNameRange     '0.2.1',
33 silly addNameRange     '0.2.2',
33 silly addNameRange     '0.3.0',
33 silly addNameRange     '0.4.0',
33 silly addNameRange     '0.4.1',
33 silly addNameRange     '0.5.0',
33 silly addNameRange     '0.5.1',
33 silly addNameRange     '0.6.0',
33 silly addNameRange     '0.2.2-rc7',
33 silly addNameRange     '0.7.0',
33 silly addNameRange     '0.7.1',
33 silly addNameRange     '0.7.2',
33 silly addNameRange     '0.7.3',
33 silly addNameRange     '0.7.4',
33 silly addNameRange     '0.8.0',
33 silly addNameRange     '0.8.1' ] ]
34 verbose addNamed [ 'grunt-contrib-sass', '0.8.1' ]
35 verbose addNamed [ '0.8.1', '0.8.1' ]
36 silly lockFile db282d06-grunt-contrib-sass-0-8-1 grunt-contrib-sass@0.8.1
37 verbose lock grunt-contrib-sass@0.8.1 C:\Users\Vira\AppData\Roaming\npm-cache\db282d06-grunt-contrib-sass-0-8-1.lock
38 silly lockFile 01fdd1cd-ass-grunt-contrib-sass-0-8-1-tgz https://registry.npmjs.org/grunt-contrib-sass/-/grunt-contrib-sass-0.8.1.tgz
39 verbose lock https://registry.npmjs.org/grunt-contrib-sass/-/grunt-contrib-sass-0.8.1.tgz C:\Users\Vira\AppData\Roaming\npm-cache\01fdd1cd-ass-grunt-contrib-sass-0-8-1-tgz.lock
40 verbose addRemoteTarball [ 'https://registry.npmjs.org/grunt-contrib-sass/-/grunt-contrib-sass-0.8.1.tgz',
40 verbose addRemoteTarball   '8de924480dc12a51d35abe96a721682afc88d800' ]
41 info retry fetch attempt 1 at 16:44:03
42 verbose fetch to= C:\Users\Vira\AppData\Local\Temp\npm-7636-PT4ECRTL\registry.npmjs.org\grunt-contrib-sass\-\grunt-contrib-sass-0.8.1.tgz
43 http GET https://registry.npmjs.org/grunt-contrib-sass/-/grunt-contrib-sass-0.8.1.tgz
44 error fetch failed https://registry.npmjs.org/grunt-contrib-sass/-/grunt-contrib-sass-0.8.1.tgz
45 info retry will retry, error on last attempt: Error: read ECONNRESET
46 info retry fetch attempt 2 at 16:45:36
47 verbose fetch to= C:\Users\Vira\AppData\Local\Temp\npm-7636-PT4ECRTL\registry.npmjs.org\grunt-contrib-sass\-\grunt-contrib-sass-0.8.1.tgz
48 http GET https://registry.npmjs.org/grunt-contrib-sass/-/grunt-contrib-sass-0.8.1.tgz
49 error fetch failed https://registry.npmjs.org/grunt-contrib-sass/-/grunt-contrib-sass-0.8.1.tgz
50 info retry will retry, error on last attempt: Error: getaddrinfo ENOTFOUND
51 info retry fetch attempt 3 at 16:46:36
52 verbose fetch to= C:\Users\Vira\AppData\Local\Temp\npm-7636-PT4ECRTL\registry.npmjs.org\grunt-contrib-sass\-\grunt-contrib-sass-0.8.1.tgz
53 http GET https://registry.npmjs.org/grunt-contrib-sass/-/grunt-contrib-sass-0.8.1.tgz
54 error fetch failed https://registry.npmjs.org/grunt-contrib-sass/-/grunt-contrib-sass-0.8.1.tgz
55 silly lockFile 01fdd1cd-ass-grunt-contrib-sass-0-8-1-tgz https://registry.npmjs.org/grunt-contrib-sass/-/grunt-contrib-sass-0.8.1.tgz
56 silly lockFile 01fdd1cd-ass-grunt-contrib-sass-0-8-1-tgz https://registry.npmjs.org/grunt-contrib-sass/-/grunt-contrib-sass-0.8.1.tgz
57 silly lockFile db282d06-grunt-contrib-sass-0-8-1 grunt-contrib-sass@0.8.1
58 silly lockFile db282d06-grunt-contrib-sass-0-8-1 grunt-contrib-sass@0.8.1
59 silly lockFile 5a9e20b6-grunt-contrib-sass grunt-contrib-sass@
60 silly lockFile 5a9e20b6-grunt-contrib-sass grunt-contrib-sass@
61 error network getaddrinfo ENOTFOUND
61 error network This is most likely not a problem with npm itself
61 error network and is related to network connectivity.
61 error network In most cases you are behind a proxy or have bad network settings.
61 error network
61 error network If you are behind a proxy, please make sure that the
61 error network 'proxy' config is set properly.  See: 'npm help config'
62 error System Windows_NT 6.2.9200
63 error command "C:\\Program Files\\nodejs\\\\node.exe" "C:\\Program Files\\nodejs\\node_modules\\npm\\bin\\npm-cli.js" "install" "grunt-contrib-sass" "--save-dev"
64 error cwd D:\Projects\BooksFamily
65 error node -v v0.10.35
66 error npm -v 1.4.28
67 error syscall getaddrinfo
68 error code ENOTFOUND
69 error errno ENOTFOUND
70 verbose exit [ 1, true ]
